<?xml version="1.0" encoding="UTF-8"?>
<testsuite xmlns:xsi="http://www.w3.org/2001/XMLSchema-instance" xsi:noNamespaceSchemaLocation="https://maven.apache.org/surefire/maven-surefire-plugin/xsd/surefire-test-report.xsd" name="BodAlgorithmicTest" time="0.062" tests="1" errors="0" skipped="1" failures="0">
  <properties>
[...]
</properties>
  <testcase name="CharGroupClassTest{int, int, int}" classname="BodAlgorithmicTest" time="0">
    <skipped message="void BodAlgorithmicTest.CharGroupClassTest(int,int,int) is @Disabled"/>
  </testcase>
</testsuite>